14:58:06 **** Incremental Build of configuration Debug for project flashCard ****
Info: Internal Builder is used for build
g++ -std=c++14 -lsqlite3 -O0 -g3 -Wall -c -fmessage-length=0 -o src/set.o ../src/set.cpp 
clang: warning: -lsqlite3: 'linker' input unused [-Wunused-command-line-argument]
g++ -std=c++14 -lsqlite3 -O0 -g3 -Wall -c -fmessage-length=0 -o src/main.o ../src/main.cpp 
clang: warning: -lsqlite3: 'linker' input unused [-Wunused-command-line-argument]
g++ -std=c++14 -lsqlite3 -O0 -g3 -Wall -c -fmessage-length=0 -o src/db.o ../src/db.cpp 
clang: warning: -lsqlite3: 'linker' input unused [-Wunused-command-line-argument]
../src/db.cpp:59:46: warning: expression result unused [-Wunused-value]
                std::cout << std::setw(7) << std::left << ("%s", argv[i] ? argv[i] : "NULL");
                                                           ^~~~
../src/db.cpp:68:47: warning: expression result unused [-Wunused-value]
                std::cout << std::setw(12) << std::left << ("%s", argv[i] ? argv[i] : "NULL");
                                                            ^~~~
2 warnings generated.
g++ -std=c++14 -lsqlite3 -O0 -g3 -Wall -c -fmessage-length=0 -o src/menu.o ../src/menu.cpp 
clang: warning: -lsqlite3: 'linker' input unused [-Wunused-command-line-argument]
g++ -std=c++14 -lsqlite3 -o flashCard src/db.o src/main.o src/menu.o src/set.o 
Info: Nothing to build for flashCard
Info: Nothing to build for flashCard
